[debug] [2025-06-09T12:21:15.049Z] ----------------------------------------------------------------------
[debug] [2025-06-09T12:21:15.053Z] Command:       C:\Program Files\nodejs\node.exe C:\Users\STORM\AppData\Roaming\npm\node_modules\firebase-tools\lib\bin\firebase.js init
[debug] [2025-06-09T12:21:15.054Z] CLI Version:   14.6.0
[debug] [2025-06-09T12:21:15.054Z] Platform:      win32
[debug] [2025-06-09T12:21:15.054Z] Node Version:  v22.16.0
[debug] [2025-06-09T12:21:15.054Z] Time:          Mon Jun 09 2025 17:51:15 GMT+0530 (India Standard Time)
[debug] [2025-06-09T12:21:15.055Z] ----------------------------------------------------------------------
[debug] 
[debug] [2025-06-09T12:21:15.061Z] > command requires scopes: ["email","openid","https://www.googleapis.com/auth/cloudplatformprojects.readonly","https://www.googleapis.com/auth/firebase","https://www.googleapis.com/auth/cloud-platform"]
[debug] [2025-06-09T12:21:15.062Z] > authorizing via signed-in user (4lfasbadar@gmail.com)
[info] 
     ######## #### ########  ######## ########     ###     ######  ########
     ##        ##  ##     ## ##       ##     ##  ##   ##  ##       ##
     ######    ##  ########  ######   ########  #########  ######  ######
     ##        ##  ##    ##  ##       ##     ## ##     ##       ## ##
     ##       #### ##     ## ######## ########  ##     ##  ######  ########

You're about to initialize a Firebase project in this directory:

  C:\Projects\StockFlow

Before we get started, keep in mind:

  * You are currently outside your home directory

[info] 
=== Project Setup
[info] 
[info] First, let's associate this project directory with a Firebase project.
[info] You can create multiple project aliases by running firebase use --add, 
[info] but for now we'll just set up a default project.
[info] 
[debug] [2025-06-09T12:21:31.512Z] Checked if tokens are valid: true, expires at: 1749475266041
[debug] [2025-06-09T12:21:31.512Z] Checked if tokens are valid: true, expires at: 1749475266041
[debug] [2025-06-09T12:21:31.513Z] >>> [apiv2][query] GET https://firebase.googleapis.com/v1beta1/projects pageSize=100
[debug] [2025-06-09T12:21:32.403Z] <<< [apiv2][status] GET https://firebase.googleapis.com/v1beta1/projects 200
[debug] [2025-06-09T12:21:32.403Z] <<< [apiv2][body] GET https://firebase.googleapis.com/v1beta1/projects [omitted]
[info] i  Using project stockdash-73b2b (stockdash) 
[info] 
=== Hosting Setup
[debug] [2025-06-09T12:21:45.330Z] Checked if tokens are valid: true, expires at: 1749475266041
[debug] [2025-06-09T12:21:45.330Z] Checked if tokens are valid: true, expires at: 1749475266041
[debug] [2025-06-09T12:21:45.330Z] >>> [apiv2][query] GET https://firebase.googleapis.com/v1beta1/projects/stockdash-73b2b [none]
[debug] [2025-06-09T12:21:46.014Z] <<< [apiv2][status] GET https://firebase.googleapis.com/v1beta1/projects/stockdash-73b2b 200
[debug] [2025-06-09T12:21:46.014Z] <<< [apiv2][body] GET https://firebase.googleapis.com/v1beta1/projects/stockdash-73b2b {"projectId":"stockdash-73b2b","projectNumber":"234556131800","displayName":"stockdash","name":"projects/stockdash-73b2b","resources":{"hostingSite":"stockdash-73b2b"},"state":"ACTIVE","etag":"1_0c1e81b0-335d-4ebf-be75-2d4cea29e968"}
[info] 
[info] Your public directory is the folder (relative to your project directory) that
[info] will contain Hosting assets to be uploaded with firebase deploy. If you
[info] have a build process for your assets, use your build's output directory.
[info] 
